# JRE version: Java(TM) SE Runtime Environment (8.0_65-b17) (build 1.8.0_65-b17)
# Java VM: Java HotSpot(TM) 64-Bit Server VM (25.65-b01 mixed mode windows-amd64 compressed oops)
Heap:
 PSYoungGen      total 225792K, used 116835K [0x00000000eab00000, 0x0000000100000000, 0x0000000100000000)
  eden space 116736K, 23% used [0x00000000eab00000,0x00000000ec552f28,0x00000000f1d00000)
  from space 109056K, 82% used [0x00000000f9480000,0x00000000fec45f50,0x00000000fff00000)
  to   space 116224K, 0% used [0x00000000f1d00000,0x00000000f1d00000,0x00000000f8e80000)
 ParOldGen       total 699392K, used 624911K [0x00000000c0000000, 0x00000000eab00000, 0x00000000eab00000)
  object space 699392K, 89% used [0x00000000c0000000,0x00000000e6243e10,0x00000000eab00000)
 Metaspace       used 6657K, capacity 7320K, committed 7680K, reserved 1056768K
  class space    used 627K, capacity 656K, committed 768K, reserved 1048576K
GC Heap History (10 events):
Event: 33.555 GC heap before
{Heap before GC invocations=50 (full 9):
 PSYoungGen      total 135680K, used 116736K [0x00000000eab00000, 0x00000000ffe00000, 0x0000000100000000)
  eden space 116736K, 100% used [0x00000000eab00000,0x00000000f1d00000,0x00000000f1d00000)
  from space 18944K, 0% used [0x00000000f1d00000,0x00000000f1d00000,0x00000000f2f80000)
  to   space 115200K, 0% used [0x00000000f8d80000,0x00000000f8d80000,0x00000000ffe00000)
 ParOldGen       total 699392K, used 624903K [0x00000000c0000000, 0x00000000eab00000, 0x00000000eab00000)
  object space 699392K, 89% used [0x00000000c0000000,0x00000000e6241e10,0x00000000eab00000)
 Metaspace       used 6654K, capacity 7320K, committed 7680K, reserved 1056768K
  class space    used 627K, capacity 656K, committed 768K, reserved 1048576K
Event: 33.583 GC heap after
Heap after GC invocations=50 (full 9):
 PSYoungGen      total 233472K, used 19124K [0x00000000eab00000, 0x00000000ffc80000, 0x0000000100000000)
  eden space 119808K, 0% used [0x00000000eab00000,0x00000000eab00000,0x00000000f2000000)
  from space 113664K, 16% used [0x00000000f8d80000,0x00000000fa02d2d0,0x00000000ffc80000)
  to   space 112128K, 0% used [0x00000000f2000000,0x00000000f2000000,0x00000000f8d80000)
 ParOldGen       total 699392K, used 624903K [0x00000000c0000000, 0x00000000eab00000, 0x00000000eab00000)
  object space 699392K, 89% used [0x00000000c0000000,0x00000000e6241e10,0x00000000eab00000)
 Metaspace       used 6654K, capacity 7320K, committed 7680K, reserved 1056768K
  class space    used 627K, capacity 656K, committed 768K, reserved 1048576K
}
Event: 33.968 GC heap before
{Heap before GC invocations=51 (full 9):
 PSYoungGen      total 233472K, used 138932K [0x00000000eab00000, 0x00000000ffc80000, 0x0000000100000000)
  eden space 119808K, 100% used [0x00000000eab00000,0x00000000f2000000,0x00000000f2000000)
  from space 113664K, 16% used [0x00000000f8d80000,0x00000000fa02d2d0,0x00000000ffc80000)
  to   space 112128K, 0% used [0x00000000f2000000,0x00000000f2000000,0x00000000f8d80000)
 ParOldGen       total 699392K, used 624903K [0x00000000c0000000, 0x00000000eab00000, 0x00000000eab00000)
  object space 699392K, 89% used [0x00000000c0000000,0x00000000e6241e10,0x00000000eab00000)
 Metaspace       used 6655K, capacity 7320K, committed 7680K, reserved 1056768K
  class space    used 627K, capacity 656K, committed 768K, reserved 1048576K
Event: 34.026 GC heap after
Heap after GC invocations=51 (full 9):
 PSYoungGen      total 155648K, used 35736K [0x00000000eab00000, 0x00000000ff180000, 0x0000000100000000)
  eden space 119808K, 0% used [0x00000000eab00000,0x00000000eab00000,0x00000000f2000000)
  from space 35840K, 99% used [0x00000000f2000000,0x00000000f42e62d0,0x00000000f4300000)
  to   space 105472K, 0% used [0x00000000f8a80000,0x00000000f8a80000,0x00000000ff180000)
 ParOldGen       total 699392K, used 624903K [0x00000000c0000000, 0x00000000eab00000, 0x00000000eab00000)
  object space 699392K, 89% used [0x00000000c0000000,0x00000000e6241e10,0x00000000eab00000)
 Metaspace       used 6655K, capacity 7320K, committed 7680K, reserved 1056768K
  class space    used 627K, capacity 656K, committed 768K, reserved 1048576K
}
Event: 34.561 GC heap before
{Heap before GC invocations=52 (full 9):
 PSYoungGen      total 155648K, used 155544K [0x00000000eab00000, 0x00000000ff180000, 0x0000000100000000)
  eden space 119808K, 100% used [0x00000000eab00000,0x00000000f2000000,0x00000000f2000000)
  from space 35840K, 99% used [0x00000000f2000000,0x00000000f42e62d0,0x00000000f4300000)
  to   space 105472K, 0% used [0x00000000f8a80000,0x00000000f8a80000,0x00000000ff180000)
 ParOldGen       total 699392K, used 624903K [0x00000000c0000000, 0x00000000eab00000, 0x00000000eab00000)
  object space 699392K, 89% used [0x00000000c0000000,0x00000000e6241e10,0x00000000eab00000)
 Metaspace       used 6655K, capacity 7320K, committed 7680K, reserved 1056768K
  class space    used 627K, capacity 656K, committed 768K, reserved 1048576K
Event: 34.628 GC heap after
Heap after GC invocations=52 (full 9):
 PSYoungGen      total 228864K, used 53540K [0x00000000eab00000, 0x00000000ff000000, 0x0000000100000000)
  eden space 124928K, 0% used [0x00000000eab00000,0x00000000eab00000,0x00000000f2500000)
  from space 103936K, 51% used [0x00000000f8a80000,0x00000000fbec9148,0x00000000ff000000)
  to   space 103936K, 0% used [0x00000000f2500000,0x00000000f2500000,0x00000000f8a80000)
 ParOldGen       total 699392K, used 624911K [0x00000000c0000000, 0x00000000eab00000, 0x00000000eab00000)
  object space 699392K, 89% used [0x00000000c0000000,0x00000000e6243e10,0x00000000eab00000)
 Metaspace       used 6655K, capacity 7320K, committed 7680K, reserved 1056768K
  class space    used 627K, capacity 656K, committed 768K, reserved 1048576K
}
Event: 35.428 GC heap before
{Heap before GC invocations=53 (full 9):
 PSYoungGen      total 228864K, used 178468K [0x00000000eab00000, 0x00000000ff000000, 0x0000000100000000)
  eden space 124928K, 100% used [0x00000000eab00000,0x00000000f2500000,0x00000000f2500000)
  from space 103936K, 51% used [0x00000000f8a80000,0x00000000fbec9148,0x00000000ff000000)
  to   space 103936K, 0% used [0x00000000f2500000,0x00000000f2500000,0x00000000f8a80000)
 ParOldGen       total 699392K, used 624911K [0x00000000c0000000, 0x00000000eab00000, 0x00000000eab00000)
  object space 699392K, 89% used [0x00000000c0000000,0x00000000e6243e10,0x00000000eab00000)
 Metaspace       used 6656K, capacity 7320K, committed 7680K, reserved 1056768K
  class space    used 627K, capacity 656K, committed 768K, reserved 1048576K
Event: 35.519 GC heap after
Heap after GC invocations=53 (full 9):
 PSYoungGen      total 228864K, used 71690K [0x00000000eab00000, 0x00000000fff00000, 0x0000000100000000)
  eden space 124928K, 0% used [0x00000000eab00000,0x00000000eab00000,0x00000000f2500000)
  from space 103936K, 68% used [0x00000000f2500000,0x00000000f6b02950,0x00000000f8a80000)
  to   space 109056K, 0% used [0x00000000f9480000,0x00000000f9480000,0x00000000fff00000)
 ParOldGen       total 699392K, used 624911K [0x00000000c0000000, 0x00000000eab00000, 0x00000000eab00000)
  object space 699392K, 89% used [0x00000000c0000000,0x00000000e6243e10,0x00000000eab00000)
 Metaspace       used 6656K, capacity 7320K, committed 7680K, reserved 1056768K
  class space    used 627K, capacity 656K, committed 768K, reserved 1048576K
}
Event: 35.869 GC heap before
{Heap before GC invocations=54 (full 9):
 PSYoungGen      total 228864K, used 196618K [0x00000000eab00000, 0x00000000fff00000, 0x0000000100000000)
  eden space 124928K, 100% used [0x00000000eab00000,0x00000000f2500000,0x00000000f2500000)
  from space 103936K, 68% used [0x00000000f2500000,0x00000000f6b02950,0x00000000f8a80000)
  to   space 109056K, 0% used [0x00000000f9480000,0x00000000f9480000,0x00000000fff00000)
 ParOldGen       total 699392K, used 624911K [0x00000000c0000000, 0x00000000eab00000, 0x00000000eab00000)
  object space 699392K, 89% used [0x00000000c0000000,0x00000000e6243e10,0x00000000eab00000)
 Metaspace       used 6656K, capacity 7320K, committed 7680K, reserved 1056768K
  class space    used 627K, capacity 656K, committed 768K, reserved 1048576K
Event: 35.974 GC heap after
Heap after GC invocations=54 (full 9):
 PSYoungGen      total 225792K, used 89879K [0x00000000eab00000, 0x0000000100000000, 0x0000000100000000)
  eden space 116736K, 0% used [0x00000000eab00000,0x00000000eab00000,0x00000000f1d00000)
  from space 109056K, 82% used [0x00000000f9480000,0x00000000fec45f50,0x00000000fff00000)
  to   space 116224K, 0% used [0x00000000f1d00000,0x00000000f1d00000,0x00000000f8e80000)
 ParOldGen       total 699392K, used 624911K [0x00000000c0000000, 0x00000000eab00000, 0x00000000eab00000)
  object space 699392K, 89% used [0x00000000c0000000,0x00000000e6243e10,0x00000000eab00000)
 Metaspace       used 6656K, capacity 7320K, committed 7680K, reserved 1056768K
  class space    used 627K, capacity 656K, committed 768K, reserved 1048576K
}

