# JRE version: Java(TM) SE Runtime Environment (8.0_65-b17) (build 1.8.0_65-b17)
# Java VM: Java HotSpot(TM) 64-Bit Server VM (25.65-b01 mixed mode windows-amd64 compressed oops)
Heap:
 PSYoungGen      total 232960K, used 67800K [0x00000000eab00000, 0x0000000100000000, 0x0000000100000000)
  eden space 116736K, 0% used [0x00000000eab00000,0x00000000eab00000,0x00000000f1d00000)
  from space 116224K, 58% used [0x00000000f1d00000,0x00000000f5f36090,0x00000000f8e80000)
  to   space 116224K, 0% used [0x00000000f8e80000,0x00000000f8e80000,0x0000000100000000)
 ParOldGen       total 516608K, used 516496K [0x00000000c0000000, 0x00000000ea800000, 0x00000000eab00000)
  object space 516608K, 99% used [0x00000000c0000000,0x00000000df864040,0x00000000df880000)
 Metaspace       used 6657K, capacity 7320K, committed 7680K, reserved 1056768K
  class space    used 628K, capacity 656K, committed 768K, reserved 1048576K
GC Heap History (10 events):
Event: 14.783 GC heap after
Heap after GC invocations=27 (full 4):
 PSYoungGen      total 133632K, used 16741K [0x00000000eab00000, 0x00000000fff00000, 0x0000000100000000)
  eden space 116736K, 0% used [0x00000000eab00000,0x00000000eab00000,0x00000000f1d00000)
  from space 16896K, 99% used [0x00000000f1d00000,0x00000000f2d595c8,0x00000000f2d80000)
  to   space 115712K, 0% used [0x00000000f8e00000,0x00000000f8e00000,0x00000000fff00000)
 ParOldGen       total 516608K, used 410004K [0x00000000c0000000, 0x00000000df880000, 0x00000000eab00000)
  object space 516608K, 79% used [0x00000000c0000000,0x00000000d90652f8,0x00000000df880000)
 Metaspace       used 6645K, capacity 7320K, committed 7680K, reserved 1056768K
  class space    used 626K, capacity 656K, committed 768K, reserved 1048576K
}
Event: 15.134 GC heap before
{Heap before GC invocations=28 (full 4):
 PSYoungGen      total 133632K, used 133477K [0x00000000eab00000, 0x00000000fff00000, 0x0000000100000000)
  eden space 116736K, 100% used [0x00000000eab00000,0x00000000f1d00000,0x00000000f1d00000)
  from space 16896K, 99% used [0x00000000f1d00000,0x00000000f2d595c8,0x00000000f2d80000)
  to   space 115712K, 0% used [0x00000000f8e00000,0x00000000f8e00000,0x00000000fff00000)
 ParOldGen       total 516608K, used 410004K [0x00000000c0000000, 0x00000000df880000, 0x00000000eab00000)
  object space 516608K, 79% used [0x00000000c0000000,0x00000000d90652f8,0x00000000df880000)
 Metaspace       used 6645K, capacity 7320K, committed 7680K, reserved 1056768K
  class space    used 626K, capacity 656K, committed 768K, reserved 1048576K
Event: 15.197 GC heap after
Heap after GC invocations=28 (full 4):
 PSYoungGen      total 239104K, used 38057K [0x00000000eab00000, 0x0000000100000000, 0x0000000100000000)
  eden space 123392K, 0% used [0x00000000eab00000,0x00000000eab00000,0x00000000f2380000)
  from space 115712K, 32% used [0x00000000f8e00000,0x00000000fb32a658,0x00000000fff00000)
  to   space 109056K, 0% used [0x00000000f2380000,0x00000000f2380000,0x00000000f8e00000)
 ParOldGen       total 516608K, used 410012K [0x00000000c0000000, 0x00000000df880000, 0x00000000eab00000)
  object space 516608K, 79% used [0x00000000c0000000,0x00000000d90672f8,0x00000000df880000)
 Metaspace       used 6645K, capacity 7320K, committed 7680K, reserved 1056768K
  class space    used 626K, capacity 656K, committed 768K, reserved 1048576K
}
Event: 15.703 GC heap before
{Heap before GC invocations=29 (full 4):
 PSYoungGen      total 239104K, used 161449K [0x00000000eab00000, 0x0000000100000000, 0x0000000100000000)
  eden space 123392K, 100% used [0x00000000eab00000,0x00000000f2380000,0x00000000f2380000)
  from space 115712K, 32% used [0x00000000f8e00000,0x00000000fb32a658,0x00000000fff00000)
  to   space 109056K, 0% used [0x00000000f2380000,0x00000000f2380000,0x00000000f8e00000)
 ParOldGen       total 516608K, used 410012K [0x00000000c0000000, 0x00000000df880000, 0x00000000eab00000)
  object space 516608K, 79% used [0x00000000c0000000,0x00000000d90672f8,0x00000000df880000)
 Metaspace       used 6648K, capacity 7320K, committed 7680K, reserved 1056768K
  class space    used 626K, capacity 656K, committed 768K, reserved 1048576K
Event: 15.774 GC heap after
Heap after GC invocations=29 (full 4):
 PSYoungGen      total 232448K, used 67566K [0x00000000eab00000, 0x00000000ffe80000, 0x0000000100000000)
  eden space 123392K, 0% used [0x00000000eab00000,0x00000000eab00000,0x00000000f2380000)
  from space 109056K, 61% used [0x00000000f2380000,0x00000000f657b838,0x00000000f8e00000)
  to   space 111616K, 0% used [0x00000000f9180000,0x00000000f9180000,0x00000000ffe80000)
 ParOldGen       total 516608K, used 410012K [0x00000000c0000000, 0x00000000df880000, 0x00000000eab00000)
  object space 516608K, 79% used [0x00000000c0000000,0x00000000d90672f8,0x00000000df880000)
 Metaspace       used 6648K, capacity 7320K, committed 7680K, reserved 1056768K
  class space    used 626K, capacity 656K, committed 768K, reserved 1048576K
}
Event: 15.979 GC heap before
{Heap before GC invocations=30 (full 4):
 PSYoungGen      total 232448K, used 190958K [0x00000000eab00000, 0x00000000ffe80000, 0x0000000100000000)
  eden space 123392K, 100% used [0x00000000eab00000,0x00000000f2380000,0x00000000f2380000)
  from space 109056K, 61% used [0x00000000f2380000,0x00000000f657b838,0x00000000f8e00000)
  to   space 111616K, 0% used [0x00000000f9180000,0x00000000f9180000,0x00000000ffe80000)
 ParOldGen       total 516608K, used 410012K [0x00000000c0000000, 0x00000000df880000, 0x00000000eab00000)
  object space 516608K, 79% used [0x00000000c0000000,0x00000000d90672f8,0x00000000df880000)
 Metaspace       used 6657K, capacity 7320K, committed 7680K, reserved 1056768K
  class space    used 628K, capacity 656K, committed 768K, reserved 1048576K
Event: 16.069 GC heap after
Heap after GC invocations=30 (full 4):
 PSYoungGen      total 228352K, used 111599K [0x00000000eab00000, 0x0000000100000000, 0x0000000100000000)
  eden space 116736K, 0% used [0x00000000eab00000,0x00000000eab00000,0x00000000f1d00000)
  from space 111616K, 99% used [0x00000000f9180000,0x00000000ffe7bce8,0x00000000ffe80000)
  to   space 116224K, 0% used [0x00000000f1d00000,0x00000000f1d00000,0x00000000f8e80000)
 ParOldGen       total 516608K, used 429914K [0x00000000c0000000, 0x00000000df880000, 0x00000000eab00000)
  object space 516608K, 83% used [0x00000000c0000000,0x00000000da3d6a48,0x00000000df880000)
 Metaspace       used 6657K, capacity 7320K, committed 7680K, reserved 1056768K
  class space    used 628K, capacity 656K, committed 768K, reserved 1048576K
}
Event: 16.171 GC heap before
{Heap before GC invocations=31 (full 4):
 PSYoungGen      total 228352K, used 228335K [0x00000000eab00000, 0x0000000100000000, 0x0000000100000000)
  eden space 116736K, 100% used [0x00000000eab00000,0x00000000f1d00000,0x00000000f1d00000)
  from space 111616K, 99% used [0x00000000f9180000,0x00000000ffe7bce8,0x00000000ffe80000)
  to   space 116224K, 0% used [0x00000000f1d00000,0x00000000f1d00000,0x00000000f8e80000)
 ParOldGen       total 516608K, used 429914K [0x00000000c0000000, 0x00000000df880000, 0x00000000eab00000)
  object space 516608K, 83% used [0x00000000c0000000,0x00000000da3d6a48,0x00000000df880000)
 Metaspace       used 6657K, capacity 7320K, committed 7680K, reserved 1056768K
  class space    used 628K, capacity 656K, committed 768K, reserved 1048576K
Event: 16.323 GC heap after
Heap after GC invocations=31 (full 4):
 PSYoungGen      total 232960K, used 116195K [0x00000000eab00000, 0x0000000100000000, 0x0000000100000000)
  eden space 116736K, 0% used [0x00000000eab00000,0x00000000eab00000,0x00000000f1d00000)
  from space 116224K, 99% used [0x00000000f1d00000,0x00000000f8e78dc0,0x00000000f8e80000)
  to   space 116224K, 0% used [0x00000000f8e80000,0x00000000f8e80000,0x0000000100000000)
 ParOldGen       total 516608K, used 472766K [0x00000000c0000000, 0x00000000df880000, 0x00000000eab00000)
  object space 516608K, 91% used [0x00000000c0000000,0x00000000dcdaf960,0x00000000df880000)
 Metaspace       used 6657K, capacity 7320K, committed 7680K, reserved 1056768K
  class space    used 628K, capacity 656K, committed 768K, reserved 1048576K
}
Event: 16.323 GC heap before
{Heap before GC invocations=32 (full 5):
 PSYoungGen      total 232960K, used 116195K [0x00000000eab00000, 0x0000000100000000, 0x0000000100000000)
  eden space 116736K, 0% used [0x00000000eab00000,0x00000000eab00000,0x00000000f1d00000)
  from space 116224K, 99% used [0x00000000f1d00000,0x00000000f8e78dc0,0x00000000f8e80000)
  to   space 116224K, 0% used [0x00000000f8e80000,0x00000000f8e80000,0x0000000100000000)
 ParOldGen       total 516608K, used 472766K [0x00000000c0000000, 0x00000000df880000, 0x00000000eab00000)
  object space 516608K, 91% used [0x00000000c0000000,0x00000000dcdaf960,0x00000000df880000)
 Metaspace       used 6657K, capacity 7320K, committed 7680K, reserved 1056768K
  class space    used 628K, capacity 656K, committed 768K, reserved 1048576K

