# JRE version: Java(TM) SE Runtime Environment (8.0_65-b17) (build 1.8.0_65-b17)
# Java VM: Java HotSpot(TM) 64-Bit Server VM (25.65-b01 mixed mode windows-amd64 compressed oops)
Heap:
 PSYoungGen      total 232960K, used 74953K [0x00000000eab00000, 0x0000000100000000, 0x0000000100000000)
  eden space 116736K, 48% used [0x00000000eab00000,0x00000000ee29b318,0x00000000f1d00000)
  from space 116224K, 15% used [0x00000000f8e80000,0x00000000fa017290,0x0000000100000000)
  to   space 116224K, 0% used [0x00000000f1d00000,0x00000000f1d00000,0x00000000f8e80000)
 ParOldGen       total 523776K, used 412549K [0x00000000c0000000, 0x00000000dff80000, 0x00000000eab00000)
  object space 523776K, 78% used [0x00000000c0000000,0x00000000d92e14e8,0x00000000dff80000)
 Metaspace       used 6630K, capacity 7320K, committed 7680K, reserved 1056768K
  class space    used 627K, capacity 656K, committed 768K, reserved 1048576K
GC Heap History (10 events):
Event: 14.058 GC heap before
{Heap before GC invocations=24 (full 3):
 PSYoungGen      total 232960K, used 196740K [0x00000000eab00000, 0x0000000100000000, 0x0000000100000000)
  eden space 116736K, 100% used [0x00000000eab00000,0x00000000f1d00000,0x00000000f1d00000)
  from space 116224K, 68% used [0x00000000f8e80000,0x00000000fdca1288,0x0000000100000000)
  to   space 116224K, 0% used [0x00000000f1d00000,0x00000000f1d00000,0x00000000f8e80000)
 ParOldGen       total 351744K, used 280524K [0x00000000c0000000, 0x00000000d5780000, 0x00000000eab00000)
  object space 351744K, 79% used [0x00000000c0000000,0x00000000d11f3180,0x00000000d5780000)
 Metaspace       used 6629K, capacity 7320K, committed 7680K, reserved 1056768K
  class space    used 627K, capacity 656K, committed 768K, reserved 1048576K
Event: 14.177 GC heap after
Heap after GC invocations=24 (full 3):
 PSYoungGen      total 232960K, used 57123K [0x00000000eab00000, 0x0000000100000000, 0x0000000100000000)
  eden space 116736K, 0% used [0x00000000eab00000,0x00000000eab00000,0x00000000f1d00000)
  from space 116224K, 49% used [0x00000000f1d00000,0x00000000f54c8d58,0x00000000f8e80000)
  to   space 116224K, 0% used [0x00000000f8e80000,0x00000000f8e80000,0x0000000100000000)
 ParOldGen       total 351744K, used 322513K [0x00000000c0000000, 0x00000000d5780000, 0x00000000eab00000)
  object space 351744K, 91% used [0x00000000c0000000,0x00000000d3af44c8,0x00000000d5780000)
 Metaspace       used 6629K, capacity 7320K, committed 7680K, reserved 1056768K
  class space    used 627K, capacity 656K, committed 768K, reserved 1048576K
}
Event: 14.177 GC heap before
{Heap before GC invocations=25 (full 4):
 PSYoungGen      total 232960K, used 57123K [0x00000000eab00000, 0x0000000100000000, 0x0000000100000000)
  eden space 116736K, 0% used [0x00000000eab00000,0x00000000eab00000,0x00000000f1d00000)
  from space 116224K, 49% used [0x00000000f1d00000,0x00000000f54c8d58,0x00000000f8e80000)
  to   space 116224K, 0% used [0x00000000f8e80000,0x00000000f8e80000,0x0000000100000000)
 ParOldGen       total 351744K, used 322513K [0x00000000c0000000, 0x00000000d5780000, 0x00000000eab00000)
  object space 351744K, 91% used [0x00000000c0000000,0x00000000d3af44c8,0x00000000d5780000)
 Metaspace       used 6629K, capacity 7320K, committed 7680K, reserved 1056768K
  class space    used 627K, capacity 656K, committed 768K, reserved 1048576K
Event: 15.596 GC heap after
Heap after GC invocations=25 (full 4):
 PSYoungGen      total 232960K, used 25165K [0x00000000eab00000, 0x0000000100000000, 0x0000000100000000)
  eden space 116736K, 0% used [0x00000000eab00000,0x00000000eab00000,0x00000000f1d00000)
  from space 116224K, 21% used [0x00000000f1d00000,0x00000000f35936b8,0x00000000f8e80000)
  to   space 116224K, 0% used [0x00000000f8e80000,0x00000000f8e80000,0x0000000100000000)
 ParOldGen       total 523776K, used 351683K [0x00000000c0000000, 0x00000000dff80000, 0x00000000eab00000)
  object space 523776K, 67% used [0x00000000c0000000,0x00000000d5770f28,0x00000000dff80000)
 Metaspace       used 6629K, capacity 7320K, committed 7680K, reserved 1056768K
  class space    used 627K, capacity 656K, committed 768K, reserved 1048576K
}
Event: 15.757 GC heap before
{Heap before GC invocations=26 (full 4):
 PSYoungGen      total 232960K, used 141901K [0x00000000eab00000, 0x0000000100000000, 0x0000000100000000)
  eden space 116736K, 100% used [0x00000000eab00000,0x00000000f1d00000,0x00000000f1d00000)
  from space 116224K, 21% used [0x00000000f1d00000,0x00000000f35936b8,0x00000000f8e80000)
  to   space 116224K, 0% used [0x00000000f8e80000,0x00000000f8e80000,0x0000000100000000)
 ParOldGen       total 523776K, used 351683K [0x00000000c0000000, 0x00000000dff80000, 0x00000000eab00000)
  object space 523776K, 67% used [0x00000000c0000000,0x00000000d5770f28,0x00000000dff80000)
 Metaspace       used 6630K, capacity 7320K, committed 7680K, reserved 1056768K
  class space    used 627K, capacity 656K, committed 768K, reserved 1048576K
Event: 15.898 GC heap after
Heap after GC invocations=26 (full 4):
 PSYoungGen      total 232960K, used 31520K [0x00000000eab00000, 0x0000000100000000, 0x0000000100000000)
  eden space 116736K, 0% used [0x00000000eab00000,0x00000000eab00000,0x00000000f1d00000)
  from space 116224K, 27% used [0x00000000f8e80000,0x00000000fad48000,0x0000000100000000)
  to   space 116224K, 0% used [0x00000000f1d00000,0x00000000f1d00000,0x00000000f8e80000)
 ParOldGen       total 523776K, used 364039K [0x00000000c0000000, 0x00000000dff80000, 0x00000000eab00000)
  object space 523776K, 69% used [0x00000000c0000000,0x00000000d6381ed0,0x00000000dff80000)
 Metaspace       used 6630K, capacity 7320K, committed 7680K, reserved 1056768K
  class space    used 627K, capacity 656K, committed 768K, reserved 1048576K
}
Event: 16.163 GC heap before
{Heap before GC invocations=27 (full 4):
 PSYoungGen      total 232960K, used 148256K [0x00000000eab00000, 0x0000000100000000, 0x0000000100000000)
  eden space 116736K, 100% used [0x00000000eab00000,0x00000000f1d00000,0x00000000f1d00000)
  from space 116224K, 27% used [0x00000000f8e80000,0x00000000fad48000,0x0000000100000000)
  to   space 116224K, 0% used [0x00000000f1d00000,0x00000000f1d00000,0x00000000f8e80000)
 ParOldGen       total 523776K, used 364039K [0x00000000c0000000, 0x00000000dff80000, 0x00000000eab00000)
  object space 523776K, 69% used [0x00000000c0000000,0x00000000d6381ed0,0x00000000dff80000)
 Metaspace       used 6630K, capacity 7320K, committed 7680K, reserved 1056768K
  class space    used 627K, capacity 656K, committed 768K, reserved 1048576K
Event: 16.216 GC heap after
Heap after GC invocations=27 (full 4):
 PSYoungGen      total 232960K, used 21762K [0x00000000eab00000, 0x0000000100000000, 0x0000000100000000)
  eden space 116736K, 0% used [0x00000000eab00000,0x00000000eab00000,0x00000000f1d00000)
  from space 116224K, 18% used [0x00000000f1d00000,0x00000000f3240b00,0x00000000f8e80000)
  to   space 116224K, 0% used [0x00000000f8e80000,0x00000000f8e80000,0x0000000100000000)
 ParOldGen       total 523776K, used 394932K [0x00000000c0000000, 0x00000000dff80000, 0x00000000eab00000)
  object space 523776K, 75% used [0x00000000c0000000,0x00000000d81ad198,0x00000000dff80000)
 Metaspace       used 6630K, capacity 7320K, committed 7680K, reserved 1056768K
  class space    used 627K, capacity 656K, committed 768K, reserved 1048576K
}
Event: 16.398 GC heap before
{Heap before GC invocations=28 (full 4):
 PSYoungGen      total 232960K, used 138498K [0x00000000eab00000, 0x0000000100000000, 0x0000000100000000)
  eden space 116736K, 100% used [0x00000000eab00000,0x00000000f1d00000,0x00000000f1d00000)
  from space 116224K, 18% used [0x00000000f1d00000,0x00000000f3240b00,0x00000000f8e80000)
  to   space 116224K, 0% used [0x00000000f8e80000,0x00000000f8e80000,0x0000000100000000)
 ParOldGen       total 523776K, used 394932K [0x00000000c0000000, 0x00000000dff80000, 0x00000000eab00000)
  object space 523776K, 75% used [0x00000000c0000000,0x00000000d81ad198,0x00000000dff80000)
 Metaspace       used 6630K, capacity 7320K, committed 7680K, reserved 1056768K
  class space    used 627K, capacity 656K, committed 768K, reserved 1048576K
Event: 16.437 GC heap after
Heap after GC invocations=28 (full 4):
 PSYoungGen      total 232960K, used 18012K [0x00000000eab00000, 0x0000000100000000, 0x0000000100000000)
  eden space 116736K, 0% used [0x00000000eab00000,0x00000000eab00000,0x00000000f1d00000)
  from space 116224K, 15% used [0x00000000f8e80000,0x00000000fa017290,0x0000000100000000)
  to   space 116224K, 0% used [0x00000000f1d00000,0x00000000f1d00000,0x00000000f8e80000)
 ParOldGen       total 523776K, used 412549K [0x00000000c0000000, 0x00000000dff80000, 0x00000000eab00000)
  object space 523776K, 78% used [0x00000000c0000000,0x00000000d92e14e8,0x00000000dff80000)
 Metaspace       used 6630K, capacity 7320K, committed 7680K, reserved 1056768K
  class space    used 627K, capacity 656K, committed 768K, reserved 1048576K
}

