# JRE version: Java(TM) SE Runtime Environment (8.0_65-b17) (build 1.8.0_65-b17)
# Java VM: Java HotSpot(TM) 64-Bit Server VM (25.65-b01 mixed mode windows-amd64 compressed oops)
Heap:
 PSYoungGen      total 287744K, used 130648K [0x00000000eab00000, 0x0000000100000000, 0x0000000100000000)
  eden space 250880K, 43% used [0x00000000eab00000,0x00000000f16a6df8,0x00000000fa000000)
  from space 36864K, 55% used [0x00000000fdc00000,0x00000000fefef530,0x0000000100000000)
  to   space 49152K, 0% used [0x00000000fa000000,0x00000000fa000000,0x00000000fd000000)
 ParOldGen       total 123392K, used 65109K [0x00000000c0000000, 0x00000000c7880000, 0x00000000eab00000)
  object space 123392K, 52% used [0x00000000c0000000,0x00000000c3f95430,0x00000000c7880000)
 Metaspace       used 6589K, capacity 7320K, committed 7680K, reserved 1056768K
  class space    used 625K, capacity 656K, committed 768K, reserved 1048576K
GC Heap History (10 events):
Event: 1.704 GC heap before
{Heap before GC invocations=5 (full 0):
 PSYoungGen      total 102400K, used 102385K [0x00000000eab00000, 0x00000000f1300000, 0x0000000100000000)
  eden space 98304K, 100% used [0x00000000eab00000,0x00000000f0b00000,0x00000000f0b00000)
  from space 4096K, 99% used [0x00000000f0f00000,0x00000000f12fc480,0x00000000f1300000)
  to   space 4096K, 0% used [0x00000000f0b00000,0x00000000f0b00000,0x00000000f0f00000)
 ParOldGen       total 65536K, used 4485K [0x00000000c0000000, 0x00000000c4000000, 0x00000000eab00000)
  object space 65536K, 6% used [0x00000000c0000000,0x00000000c0461468,0x00000000c4000000)
 Metaspace       used 6320K, capacity 7152K, committed 7296K, reserved 1056768K
  class space    used 604K, capacity 616K, committed 640K, reserved 1048576K
Event: 1.735 GC heap after
Heap after GC invocations=5 (full 0):
 PSYoungGen      total 102400K, used 4066K [0x00000000eab00000, 0x00000000f8b00000, 0x0000000100000000)
  eden space 98304K, 0% used [0x00000000eab00000,0x00000000eab00000,0x00000000f0b00000)
  from space 4096K, 99% used [0x00000000f0b00000,0x00000000f0ef8b20,0x00000000f0f00000)
  to   space 16384K, 0% used [0x00000000f7b00000,0x00000000f7b00000,0x00000000f8b00000)
 ParOldGen       total 65536K, used 18137K [0x00000000c0000000, 0x00000000c4000000, 0x00000000eab00000)
  object space 65536K, 27% used [0x00000000c0000000,0x00000000c11b64a0,0x00000000c4000000)
 Metaspace       used 6320K, capacity 7152K, committed 7296K, reserved 1056768K
  class space    used 604K, capacity 616K, committed 640K, reserved 1048576K
}
Event: 2.750 GC heap before
{Heap before GC invocations=6 (full 0):
 PSYoungGen      total 102400K, used 102370K [0x00000000eab00000, 0x00000000f8b00000, 0x0000000100000000)
  eden space 98304K, 100% used [0x00000000eab00000,0x00000000f0b00000,0x00000000f0b00000)
  from space 4096K, 99% used [0x00000000f0b00000,0x00000000f0ef8b20,0x00000000f0f00000)
  to   space 16384K, 0% used [0x00000000f7b00000,0x00000000f7b00000,0x00000000f8b00000)
 ParOldGen       total 65536K, used 18137K [0x00000000c0000000, 0x00000000c4000000, 0x00000000eab00000)
  object space 65536K, 27% used [0x00000000c0000000,0x00000000c11b64a0,0x00000000c4000000)
 Metaspace       used 6448K, capacity 7192K, committed 7424K, reserved 1056768K
  class space    used 625K, capacity 656K, committed 768K, reserved 1048576K
Event: 2.779 GC heap after
Heap after GC invocations=6 (full 0):
 PSYoungGen      total 208384K, used 16372K [0x00000000eab00000, 0x00000000f9400000, 0x0000000100000000)
  eden space 192000K, 0% used [0x00000000eab00000,0x00000000eab00000,0x00000000f6680000)
  from space 16384K, 99% used [0x00000000f7b00000,0x00000000f8afd2e0,0x00000000f8b00000)
  to   space 20992K, 0% used [0x00000000f6680000,0x00000000f6680000,0x00000000f7b00000)
 ParOldGen       total 65536K, used 18978K [0x00000000c0000000, 0x00000000c4000000, 0x00000000eab00000)
  object space 65536K, 28% used [0x00000000c0000000,0x00000000c1288af8,0x00000000c4000000)
 Metaspace       used 6448K, capacity 7192K, committed 7424K, reserved 1056768K
  class space    used 625K, capacity 656K, committed 768K, reserved 1048576K
}
Event: 3.502 GC heap before
{Heap before GC invocations=7 (full 0):
 PSYoungGen      total 208384K, used 208372K [0x00000000eab00000, 0x00000000f9400000, 0x0000000100000000)
  eden space 192000K, 100% used [0x00000000eab00000,0x00000000f6680000,0x00000000f6680000)
  from space 16384K, 99% used [0x00000000f7b00000,0x00000000f8afd2e0,0x00000000f8b00000)
  to   space 20992K, 0% used [0x00000000f6680000,0x00000000f6680000,0x00000000f7b00000)
 ParOldGen       total 65536K, used 18978K [0x00000000c0000000, 0x00000000c4000000, 0x00000000eab00000)
  object space 65536K, 28% used [0x00000000c0000000,0x00000000c1288af8,0x00000000c4000000)
 Metaspace       used 6556K, capacity 7256K, committed 7424K, reserved 1056768K
  class space    used 625K, capacity 656K, committed 768K, reserved 1048576K
Event: 3.578 GC heap after
Heap after GC invocations=7 (full 0):
 PSYoungGen      total 212992K, used 20977K [0x00000000eab00000, 0x0000000100000000, 0x0000000100000000)
  eden space 192000K, 0% used [0x00000000eab00000,0x00000000eab00000,0x00000000f6680000)
  from space 20992K, 99% used [0x00000000f6680000,0x00000000f7afc630,0x00000000f7b00000)
  to   space 36864K, 0% used [0x00000000fdc00000,0x00000000fdc00000,0x0000000100000000)
 ParOldGen       total 65536K, used 42101K [0x00000000c0000000, 0x00000000c4000000, 0x00000000eab00000)
  object space 65536K, 64% used [0x00000000c0000000,0x00000000c291d7a0,0x00000000c4000000)
 Metaspace       used 6556K, capacity 7256K, committed 7424K, reserved 1056768K
  class space    used 625K, capacity 656K, committed 768K, reserved 1048576K
}
Event: 4.026 GC heap before
{Heap before GC invocations=8 (full 0):
 PSYoungGen      total 212992K, used 212977K [0x00000000eab00000, 0x0000000100000000, 0x0000000100000000)
  eden space 192000K, 100% used [0x00000000eab00000,0x00000000f6680000,0x00000000f6680000)
  from space 20992K, 99% used [0x00000000f6680000,0x00000000f7afc630,0x00000000f7b00000)
  to   space 36864K, 0% used [0x00000000fdc00000,0x00000000fdc00000,0x0000000100000000)
 ParOldGen       total 65536K, used 42101K [0x00000000c0000000, 0x00000000c4000000, 0x00000000eab00000)
  object space 65536K, 64% used [0x00000000c0000000,0x00000000c291d7a0,0x00000000c4000000)
 Metaspace       used 6586K, capacity 7320K, committed 7680K, reserved 1056768K
  class space    used 625K, capacity 656K, committed 768K, reserved 1048576K
Event: 4.101 GC heap after
Heap after GC invocations=8 (full 0):
 PSYoungGen      total 287744K, used 36853K [0x00000000eab00000, 0x0000000100000000, 0x0000000100000000)
  eden space 250880K, 0% used [0x00000000eab00000,0x00000000eab00000,0x00000000fa000000)
  from space 36864K, 99% used [0x00000000fdc00000,0x00000000ffffd7f8,0x0000000100000000)
  to   space 49152K, 0% used [0x00000000fa000000,0x00000000fa000000,0x00000000fd000000)
 ParOldGen       total 65536K, used 52656K [0x00000000c0000000, 0x00000000c4000000, 0x00000000eab00000)
  object space 65536K, 80% used [0x00000000c0000000,0x00000000c336c018,0x00000000c4000000)
 Metaspace       used 6586K, capacity 7320K, committed 7680K, reserved 1056768K
  class space    used 625K, capacity 656K, committed 768K, reserved 1048576K
}
Event: 4.101 GC heap before
{Heap before GC invocations=9 (full 1):
 PSYoungGen      total 287744K, used 36853K [0x00000000eab00000, 0x0000000100000000, 0x0000000100000000)
  eden space 250880K, 0% used [0x00000000eab00000,0x00000000eab00000,0x00000000fa000000)
  from space 36864K, 99% used [0x00000000fdc00000,0x00000000ffffd7f8,0x0000000100000000)
  to   space 49152K, 0% used [0x00000000fa000000,0x00000000fa000000,0x00000000fd000000)
 ParOldGen       total 65536K, used 52656K [0x00000000c0000000, 0x00000000c4000000, 0x00000000eab00000)
  object space 65536K, 80% used [0x00000000c0000000,0x00000000c336c018,0x00000000c4000000)
 Metaspace       used 6586K, capacity 7320K, committed 7680K, reserved 1056768K
  class space    used 625K, capacity 656K, committed 768K, reserved 1048576K
Event: 4.735 GC heap after
Heap after GC invocations=9 (full 1):
 PSYoungGen      total 287744K, used 20413K [0x00000000eab00000, 0x0000000100000000, 0x0000000100000000)
  eden space 250880K, 0% used [0x00000000eab00000,0x00000000eab00000,0x00000000fa000000)
  from space 36864K, 55% used [0x00000000fdc00000,0x00000000fefef530,0x0000000100000000)
  to   space 49152K, 0% used [0x00000000fa000000,0x00000000fa000000,0x00000000fd000000)
 ParOldGen       total 123392K, used 65109K [0x00000000c0000000, 0x00000000c7880000, 0x00000000eab00000)
  object space 123392K, 52% used [0x00000000c0000000,0x00000000c3f95430,0x00000000c7880000)
 Metaspace       used 6586K, capacity 7320K, committed 7680K, reserved 1056768K
  class space    used 625K, capacity 656K, committed 768K, reserved 1048576K
}

