# JRE version: Java(TM) SE Runtime Environment (8.0_65-b17) (build 1.8.0_65-b17)
# Java VM: Java HotSpot(TM) 64-Bit Server VM (25.65-b01 mixed mode windows-amd64 compressed oops)
Heap:
 PSYoungGen      total 107520K, used 43703K [0x00000000e0380000, 0x00000000e8480000, 0x0000000100000000)
  eden space 93696K, 31% used [0x00000000e0380000,0x00000000e20b21a8,0x00000000e5f00000)
  from space 13824K, 99% used [0x00000000e7000000,0x00000000e7d7bd60,0x00000000e7d80000)
  to   space 17408K, 0% used [0x00000000e5f00000,0x00000000e5f00000,0x00000000e7000000)
 ParOldGen       total 65536K, used 16261K [0x00000000a0a00000, 0x00000000a4a00000, 0x00000000e0380000)
  object space 65536K, 24% used [0x00000000a0a00000,0x00000000a19e15f8,0x00000000a4a00000)
 Metaspace       used 3687K, capacity 5144K, committed 5376K, reserved 1056768K
  class space    used 394K, capacity 456K, committed 512K, reserved 1048576K
GC Heap History (10 events):
Event: 6.475 GC heap before
{Heap before GC invocations=4 (full 0):
 PSYoungGen      total 28672K, used 28670K [0x00000000e0380000, 0x00000000e2380000, 0x0000000100000000)
  eden space 24576K, 100% used [0x00000000e0380000,0x00000000e1b80000,0x00000000e1b80000)
  from space 4096K, 99% used [0x00000000e1b80000,0x00000000e1f7fbd8,0x00000000e1f80000)
  to   space 4096K, 0% used [0x00000000e1f80000,0x00000000e1f80000,0x00000000e2380000)
 ParOldGen       total 65536K, used 1695K [0x00000000a0a00000, 0x00000000a4a00000, 0x00000000e0380000)
  object space 65536K, 2% used [0x00000000a0a00000,0x00000000a0ba7dd0,0x00000000a4a00000)
 Metaspace       used 3679K, capacity 5144K, committed 5376K, reserved 1056768K
  class space    used 394K, capacity 456K, committed 512K, reserved 1048576K
Event: 6.482 GC heap after
Heap after GC invocations=4 (full 0):
 PSYoungGen      total 28672K, used 4068K [0x00000000e0380000, 0x00000000e2380000, 0x0000000100000000)
  eden space 24576K, 0% used [0x00000000e0380000,0x00000000e0380000,0x00000000e1b80000)
  from space 4096K, 99% used [0x00000000e1f80000,0x00000000e2379060,0x00000000e2380000)
  to   space 4096K, 0% used [0x00000000e1b80000,0x00000000e1b80000,0x00000000e1f80000)
 ParOldGen       total 65536K, used 4189K [0x00000000a0a00000, 0x00000000a4a00000, 0x00000000e0380000)
  object space 65536K, 6% used [0x00000000a0a00000,0x00000000a0e17440,0x00000000a4a00000)
 Metaspace       used 3679K, capacity 5144K, committed 5376K, reserved 1056768K
  class space    used 394K, capacity 456K, committed 512K, reserved 1048576K
}
Event: 6.813 GC heap before
{Heap before GC invocations=5 (full 0):
 PSYoungGen      total 28672K, used 28644K [0x00000000e0380000, 0x00000000e2380000, 0x0000000100000000)
  eden space 24576K, 100% used [0x00000000e0380000,0x00000000e1b80000,0x00000000e1b80000)
  from space 4096K, 99% used [0x00000000e1f80000,0x00000000e2379060,0x00000000e2380000)
  to   space 4096K, 0% used [0x00000000e1b80000,0x00000000e1b80000,0x00000000e1f80000)
 ParOldGen       total 65536K, used 4189K [0x00000000a0a00000, 0x00000000a4a00000, 0x00000000e0380000)
  object space 65536K, 6% used [0x00000000a0a00000,0x00000000a0e17440,0x00000000a4a00000)
 Metaspace       used 3682K, capacity 5144K, committed 5376K, reserved 1056768K
  class space    used 394K, capacity 456K, committed 512K, reserved 1048576K
Event: 6.821 GC heap after
Heap after GC invocations=5 (full 0):
 PSYoungGen      total 28672K, used 4084K [0x00000000e0380000, 0x00000000e4580000, 0x0000000100000000)
  eden space 24576K, 0% used [0x00000000e0380000,0x00000000e0380000,0x00000000e1b80000)
  from space 4096K, 99% used [0x00000000e1b80000,0x00000000e1f7d050,0x00000000e1f80000)
  to   space 9216K, 0% used [0x00000000e3c80000,0x00000000e3c80000,0x00000000e4580000)
 ParOldGen       total 65536K, used 7957K [0x00000000a0a00000, 0x00000000a4a00000, 0x00000000e0380000)
  object space 65536K, 12% used [0x00000000a0a00000,0x00000000a11c5458,0x00000000a4a00000)
 Metaspace       used 3682K, capacity 5144K, committed 5376K, reserved 1056768K
  class space    used 394K, capacity 456K, committed 512K, reserved 1048576K
}
Event: 7.064 GC heap before
{Heap before GC invocations=6 (full 0):
 PSYoungGen      total 28672K, used 28660K [0x00000000e0380000, 0x00000000e4580000, 0x0000000100000000)
  eden space 24576K, 100% used [0x00000000e0380000,0x00000000e1b80000,0x00000000e1b80000)
  from space 4096K, 99% used [0x00000000e1b80000,0x00000000e1f7d050,0x00000000e1f80000)
  to   space 9216K, 0% used [0x00000000e3c80000,0x00000000e3c80000,0x00000000e4580000)
 ParOldGen       total 65536K, used 7957K [0x00000000a0a00000, 0x00000000a4a00000, 0x00000000e0380000)
  object space 65536K, 12% used [0x00000000a0a00000,0x00000000a11c5458,0x00000000a4a00000)
 Metaspace       used 3685K, capacity 5144K, committed 5376K, reserved 1056768K
  class space    used 394K, capacity 456K, committed 512K, reserved 1048576K
Event: 7.075 GC heap after
Heap after GC invocations=6 (full 0):
 PSYoungGen      total 57856K, used 8077K [0x00000000e0380000, 0x00000000e4680000, 0x0000000100000000)
  eden space 48640K, 0% used [0x00000000e0380000,0x00000000e0380000,0x00000000e3300000)
  from space 9216K, 87% used [0x00000000e3c80000,0x00000000e44636e0,0x00000000e4580000)
  to   space 9728K, 0% used [0x00000000e3300000,0x00000000e3300000,0x00000000e3c80000)
 ParOldGen       total 65536K, used 7965K [0x00000000a0a00000, 0x00000000a4a00000, 0x00000000e0380000)
  object space 65536K, 12% used [0x00000000a0a00000,0x00000000a11c7458,0x00000000a4a00000)
 Metaspace       used 3685K, capacity 5144K, committed 5376K, reserved 1056768K
  class space    used 394K, capacity 456K, committed 512K, reserved 1048576K
}
Event: 7.526 GC heap before
{Heap before GC invocations=7 (full 0):
 PSYoungGen      total 57856K, used 56717K [0x00000000e0380000, 0x00000000e4680000, 0x0000000100000000)
  eden space 48640K, 100% used [0x00000000e0380000,0x00000000e3300000,0x00000000e3300000)
  from space 9216K, 87% used [0x00000000e3c80000,0x00000000e44636e0,0x00000000e4580000)
  to   space 9728K, 0% used [0x00000000e3300000,0x00000000e3300000,0x00000000e3c80000)
 ParOldGen       total 65536K, used 7965K [0x00000000a0a00000, 0x00000000a4a00000, 0x00000000e0380000)
  object space 65536K, 12% used [0x00000000a0a00000,0x00000000a11c7458,0x00000000a4a00000)
 Metaspace       used 3685K, capacity 5144K, committed 5376K, reserved 1056768K
  class space    used 394K, capacity 456K, committed 512K, reserved 1048576K
Event: 7.540 GC heap after
Heap after GC invocations=7 (full 0):
 PSYoungGen      total 58368K, used 9706K [0x00000000e0380000, 0x00000000e7d80000, 0x0000000100000000)
  eden space 48640K, 0% used [0x00000000e0380000,0x00000000e0380000,0x00000000e3300000)
  from space 9728K, 99% used [0x00000000e3300000,0x00000000e3c7aa68,0x00000000e3c80000)
  to   space 13824K, 0% used [0x00000000e7000000,0x00000000e7000000,0x00000000e7d80000)
 ParOldGen       total 65536K, used 13158K [0x00000000a0a00000, 0x00000000a4a00000, 0x00000000e0380000)
  object space 65536K, 20% used [0x00000000a0a00000,0x00000000a16d98e8,0x00000000a4a00000)
 Metaspace       used 3685K, capacity 5144K, committed 5376K, reserved 1056768K
  class space    used 394K, capacity 456K, committed 512K, reserved 1048576K
}
Event: 7.980 GC heap before
{Heap before GC invocations=8 (full 0):
 PSYoungGen      total 58368K, used 58346K [0x00000000e0380000, 0x00000000e7d80000, 0x0000000100000000)
  eden space 48640K, 100% used [0x00000000e0380000,0x00000000e3300000,0x00000000e3300000)
  from space 9728K, 99% used [0x00000000e3300000,0x00000000e3c7aa68,0x00000000e3c80000)
  to   space 13824K, 0% used [0x00000000e7000000,0x00000000e7000000,0x00000000e7d80000)
 ParOldGen       total 65536K, used 13158K [0x00000000a0a00000, 0x00000000a4a00000, 0x00000000e0380000)
  object space 65536K, 20% used [0x00000000a0a00000,0x00000000a16d98e8,0x00000000a4a00000)
 Metaspace       used 3685K, capacity 5144K, committed 5376K, reserved 1056768K
  class space    used 394K, capacity 456K, committed 512K, reserved 1048576K
Event: 7.997 GC heap after
Heap after GC invocations=8 (full 0):
 PSYoungGen      total 107520K, used 13807K [0x00000000e0380000, 0x00000000e8480000, 0x0000000100000000)
  eden space 93696K, 0% used [0x00000000e0380000,0x00000000e0380000,0x00000000e5f00000)
  from space 13824K, 99% used [0x00000000e7000000,0x00000000e7d7bd60,0x00000000e7d80000)
  to   space 17408K, 0% used [0x00000000e5f00000,0x00000000e5f00000,0x00000000e7000000)
 ParOldGen       total 65536K, used 16261K [0x00000000a0a00000, 0x00000000a4a00000, 0x00000000e0380000)
  object space 65536K, 24% used [0x00000000a0a00000,0x00000000a19e15f8,0x00000000a4a00000)
 Metaspace       used 3685K, capacity 5144K, committed 5376K, reserved 1056768K
  class space    used 394K, capacity 456K, committed 512K, reserved 1048576K
}

