# JRE version: Java(TM) SE Runtime Environment (8.0_65-b17) (build 1.8.0_65-b17)
# Java VM: Java HotSpot(TM) 64-Bit Server VM (25.65-b01 mixed mode windows-amd64 compressed oops)
Heap:
 PSYoungGen      total 232960K, used 126169K [0x00000000eab00000, 0x0000000100000000, 0x0000000100000000)
  eden space 116736K, 46% used [0x00000000eab00000,0x00000000edfd5a50,0x00000000f1d00000)
  from space 116224K, 62% used [0x00000000f8e80000,0x00000000fd4e0c90,0x0000000100000000)
  to   space 116224K, 0% used [0x00000000f1d00000,0x00000000f1d00000,0x00000000f8e80000)
 ParOldGen       total 529408K, used 529390K [0x00000000c0000000, 0x00000000e0500000, 0x00000000eab00000)
  object space 529408K, 99% used [0x00000000c0000000,0x00000000e04fba90,0x00000000e0500000)
 Metaspace       used 6646K, capacity 7320K, committed 7680K, reserved 1056768K
  class space    used 627K, capacity 656K, committed 768K, reserved 1048576K
GC Heap History (10 events):
Event: 17.450 GC heap before
{Heap before GC invocations=29 (full 4):
 PSYoungGen      total 230912K, used 201951K [0x00000000eab00000, 0x0000000100000000, 0x0000000100000000)
  eden space 122368K, 100% used [0x00000000eab00000,0x00000000f2280000,0x00000000f2280000)
  from space 108544K, 73% used [0x00000000f9000000,0x00000000fddb7c28,0x00000000ffa00000)
  to   space 112128K, 0% used [0x00000000f2280000,0x00000000f2280000,0x00000000f9000000)
 ParOldGen       total 529408K, used 350433K [0x00000000c0000000, 0x00000000e0500000, 0x00000000eab00000)
  object space 529408K, 66% used [0x00000000c0000000,0x00000000d5638540,0x00000000e0500000)
 Metaspace       used 6637K, capacity 7320K, committed 7680K, reserved 1056768K
  class space    used 626K, capacity 656K, committed 768K, reserved 1048576K
Event: 17.536 GC heap after
Heap after GC invocations=29 (full 4):
 PSYoungGen      total 220160K, used 97695K [0x00000000eab00000, 0x0000000100000000, 0x0000000100000000)
  eden space 122368K, 0% used [0x00000000eab00000,0x00000000eab00000,0x00000000f2280000)
  from space 97792K, 99% used [0x00000000f2280000,0x00000000f81e7c78,0x00000000f8200000)
  to   space 116224K, 0% used [0x00000000f8e80000,0x00000000f8e80000,0x0000000100000000)
 ParOldGen       total 529408K, used 350433K [0x00000000c0000000, 0x00000000e0500000, 0x00000000eab00000)
  object space 529408K, 66% used [0x00000000c0000000,0x00000000d5638540,0x00000000e0500000)
 Metaspace       used 6637K, capacity 7320K, committed 7680K, reserved 1056768K
  class space    used 626K, capacity 656K, committed 768K, reserved 1048576K
}
Event: 18.162 GC heap before
{Heap before GC invocations=30 (full 4):
 PSYoungGen      total 220160K, used 220063K [0x00000000eab00000, 0x0000000100000000, 0x0000000100000000)
  eden space 122368K, 100% used [0x00000000eab00000,0x00000000f2280000,0x00000000f2280000)
  from space 97792K, 99% used [0x00000000f2280000,0x00000000f81e7c78,0x00000000f8200000)
  to   space 116224K, 0% used [0x00000000f8e80000,0x00000000f8e80000,0x0000000100000000)
 ParOldGen       total 529408K, used 350433K [0x00000000c0000000, 0x00000000e0500000, 0x00000000eab00000)
  object space 529408K, 66% used [0x00000000c0000000,0x00000000d5638540,0x00000000e0500000)
 Metaspace       used 6638K, capacity 7320K, committed 7680K, reserved 1056768K
  class space    used 626K, capacity 656K, committed 768K, reserved 1048576K
Event: 18.291 GC heap after
Heap after GC invocations=30 (full 4):
 PSYoungGen      total 232960K, used 116215K [0x00000000eab00000, 0x0000000100000000, 0x0000000100000000)
  eden space 116736K, 0% used [0x00000000eab00000,0x00000000eab00000,0x00000000f1d00000)
  from space 116224K, 99% used [0x00000000f8e80000,0x00000000ffffdf58,0x0000000100000000)
  to   space 116224K, 0% used [0x00000000f1d00000,0x00000000f1d00000,0x00000000f8e80000)
 ParOldGen       total 529408K, used 372318K [0x00000000c0000000, 0x00000000e0500000, 0x00000000eab00000)
  object space 529408K, 70% used [0x00000000c0000000,0x00000000d6b978c8,0x00000000e0500000)
 Metaspace       used 6638K, capacity 7320K, committed 7680K, reserved 1056768K
  class space    used 626K, capacity 656K, committed 768K, reserved 1048576K
}
Event: 18.359 GC heap before
{Heap before GC invocations=31 (full 4):
 PSYoungGen      total 232960K, used 232951K [0x00000000eab00000, 0x0000000100000000, 0x0000000100000000)
  eden space 116736K, 100% used [0x00000000eab00000,0x00000000f1d00000,0x00000000f1d00000)
  from space 116224K, 99% used [0x00000000f8e80000,0x00000000ffffdf58,0x0000000100000000)
  to   space 116224K, 0% used [0x00000000f1d00000,0x00000000f1d00000,0x00000000f8e80000)
 ParOldGen       total 529408K, used 372318K [0x00000000c0000000, 0x00000000e0500000, 0x00000000eab00000)
  object space 529408K, 70% used [0x00000000c0000000,0x00000000d6b978c8,0x00000000e0500000)
 Metaspace       used 6638K, capacity 7320K, committed 7680K, reserved 1056768K
  class space    used 626K, capacity 656K, committed 768K, reserved 1048576K
Event: 18.492 GC heap after
Heap after GC invocations=31 (full 4):
 PSYoungGen      total 232960K, used 116220K [0x00000000eab00000, 0x0000000100000000, 0x0000000100000000)
  eden space 116736K, 0% used [0x00000000eab00000,0x00000000eab00000,0x00000000f1d00000)
  from space 116224K, 99% used [0x00000000f1d00000,0x00000000f8e7f368,0x00000000f8e80000)
  to   space 116224K, 0% used [0x00000000f8e80000,0x00000000f8e80000,0x0000000100000000)
 ParOldGen       total 529408K, used 433040K [0x00000000c0000000, 0x00000000e0500000, 0x00000000eab00000)
  object space 529408K, 81% used [0x00000000c0000000,0x00000000da6e41a8,0x00000000e0500000)
 Metaspace       used 6638K, capacity 7320K, committed 7680K, reserved 1056768K
  class space    used 626K, capacity 656K, committed 768K, reserved 1048576K
}
Event: 18.623 GC heap before
{Heap before GC invocations=32 (full 4):
 PSYoungGen      total 232960K, used 232956K [0x00000000eab00000, 0x0000000100000000, 0x0000000100000000)
  eden space 116736K, 100% used [0x00000000eab00000,0x00000000f1d00000,0x00000000f1d00000)
  from space 116224K, 99% used [0x00000000f1d00000,0x00000000f8e7f368,0x00000000f8e80000)
  to   space 116224K, 0% used [0x00000000f8e80000,0x00000000f8e80000,0x0000000100000000)
 ParOldGen       total 529408K, used 433040K [0x00000000c0000000, 0x00000000e0500000, 0x00000000eab00000)
  object space 529408K, 81% used [0x00000000c0000000,0x00000000da6e41a8,0x00000000e0500000)
 Metaspace       used 6646K, capacity 7320K, committed 7680K, reserved 1056768K
  class space    used 627K, capacity 656K, committed 768K, reserved 1048576K
Event: 18.768 GC heap after
Heap after GC invocations=32 (full 4):
 PSYoungGen      total 232960K, used 116219K [0x00000000eab00000, 0x0000000100000000, 0x0000000100000000)
  eden space 116736K, 0% used [0x00000000eab00000,0x00000000eab00000,0x00000000f1d00000)
  from space 116224K, 99% used [0x00000000f8e80000,0x00000000ffffeee0,0x0000000100000000)
  to   space 116224K, 0% used [0x00000000f1d00000,0x00000000f1d00000,0x00000000f8e80000)
 ParOldGen       total 529408K, used 492401K [0x00000000c0000000, 0x00000000e0500000, 0x00000000eab00000)
  object space 529408K, 93% used [0x00000000c0000000,0x00000000de0dc6f0,0x00000000e0500000)
 Metaspace       used 6646K, capacity 7320K, committed 7680K, reserved 1056768K
  class space    used 627K, capacity 656K, committed 768K, reserved 1048576K
}
Event: 18.768 GC heap before
{Heap before GC invocations=33 (full 5):
 PSYoungGen      total 232960K, used 116219K [0x00000000eab00000, 0x0000000100000000, 0x0000000100000000)
  eden space 116736K, 0% used [0x00000000eab00000,0x00000000eab00000,0x00000000f1d00000)
  from space 116224K, 99% used [0x00000000f8e80000,0x00000000ffffeee0,0x0000000100000000)
  to   space 116224K, 0% used [0x00000000f1d00000,0x00000000f1d00000,0x00000000f8e80000)
 ParOldGen       total 529408K, used 492401K [0x00000000c0000000, 0x00000000e0500000, 0x00000000eab00000)
  object space 529408K, 93% used [0x00000000c0000000,0x00000000de0dc6f0,0x00000000e0500000)
 Metaspace       used 6646K, capacity 7320K, committed 7680K, reserved 1056768K
  class space    used 627K, capacity 656K, committed 768K, reserved 1048576K
Event: 20.824 GC heap after
Heap after GC invocations=33 (full 5):
 PSYoungGen      total 232960K, used 72067K [0x00000000eab00000, 0x0000000100000000, 0x0000000100000000)
  eden space 116736K, 0% used [0x00000000eab00000,0x00000000eab00000,0x00000000f1d00000)
  from space 116224K, 62% used [0x00000000f8e80000,0x00000000fd4e0c90,0x0000000100000000)
  to   space 116224K, 0% used [0x00000000f1d00000,0x00000000f1d00000,0x00000000f8e80000)
 ParOldGen       total 529408K, used 529390K [0x00000000c0000000, 0x00000000e0500000, 0x00000000eab00000)
  object space 529408K, 99% used [0x00000000c0000000,0x00000000e04fba90,0x00000000e0500000)
 Metaspace       used 6646K, capacity 7320K, committed 7680K, reserved 1056768K
  class space    used 627K, capacity 656K, committed 768K, reserved 1048576K
}

