# JRE version: Java(TM) SE Runtime Environment (8.0_65-b17) (build 1.8.0_65-b17)
# Java VM: Java HotSpot(TM) 64-Bit Server VM (25.65-b01 mixed mode windows-amd64 compressed oops)
Heap:
 PSYoungGen      total 291840K, used 97806K [0x00000000eab00000, 0x0000000100000000, 0x0000000100000000)
  eden space 240640K, 35% used [0x00000000eab00000,0x00000000efe13828,0x00000000f9600000)
  from space 51200K, 24% used [0x00000000f9600000,0x00000000fa270000,0x00000000fc800000)
  to   space 48640K, 0% used [0x00000000fd080000,0x00000000fd080000,0x0000000100000000)
 ParOldGen       total 221696K, used 118142K [0x00000000c0000000, 0x00000000cd880000, 0x00000000eab00000)
  object space 221696K, 53% used [0x00000000c0000000,0x00000000c735fa10,0x00000000cd880000)
 Metaspace       used 53981K, capacity 55236K, committed 56192K, reserved 1097728K
  class space    used 7020K, capacity 7258K, committed 7552K, reserved 1048576K
GC Heap History (10 events):
Event: 2358.390 GC heap before
{Heap before GC invocations=24 (full 4):
 PSYoungGen      total 204288K, used 181808K [0x00000000eab00000, 0x00000000faf00000, 0x0000000100000000)
  eden space 175104K, 100% used [0x00000000eab00000,0x00000000f5600000,0x00000000f5600000)
  from space 29184K, 22% used [0x00000000f5600000,0x00000000f5c8c010,0x00000000f7280000)
  to   space 28160K, 0% used [0x00000000f9380000,0x00000000f9380000,0x00000000faf00000)
 ParOldGen       total 150016K, used 76889K [0x00000000c0000000, 0x00000000c9280000, 0x00000000eab00000)
  object space 150016K, 51% used [0x00000000c0000000,0x00000000c4b16488,0x00000000c9280000)
 Metaspace       used 51651K, capacity 52814K, committed 54016K, reserved 1095680K
  class space    used 6670K, capacity 6886K, committed 7168K, reserved 1048576K
Event: 2358.414 GC heap after
Heap after GC invocations=24 (full 4):
 PSYoungGen      total 231936K, used 7248K [0x00000000eab00000, 0x00000000faa80000, 0x0000000100000000)
  eden space 208384K, 0% used [0x00000000eab00000,0x00000000eab00000,0x00000000f7680000)
  from space 23552K, 30% used [0x00000000f9380000,0x00000000f9a94070,0x00000000faa80000)
  to   space 26624K, 0% used [0x00000000f7680000,0x00000000f7680000,0x00000000f9080000)
 ParOldGen       total 150016K, used 82769K [0x00000000c0000000, 0x00000000c9280000, 0x00000000eab00000)
  object space 150016K, 55% used [0x00000000c0000000,0x00000000c50d44a8,0x00000000c9280000)
 Metaspace       used 51651K, capacity 52814K, committed 54016K, reserved 1095680K
  class space    used 6670K, capacity 6886K, committed 7168K, reserved 1048576K
}
Event: 2363.550 GC heap before
{Heap before GC invocations=25 (full 4):
 PSYoungGen      total 231936K, used 215632K [0x00000000eab00000, 0x00000000faa80000, 0x0000000100000000)
  eden space 208384K, 100% used [0x00000000eab00000,0x00000000f7680000,0x00000000f7680000)
  from space 23552K, 30% used [0x00000000f9380000,0x00000000f9a94070,0x00000000faa80000)
  to   space 26624K, 0% used [0x00000000f7680000,0x00000000f7680000,0x00000000f9080000)
 ParOldGen       total 150016K, used 82769K [0x00000000c0000000, 0x00000000c9280000, 0x00000000eab00000)
  object space 150016K, 55% used [0x00000000c0000000,0x00000000c50d44a8,0x00000000c9280000)
 Metaspace       used 52753K, capacity 53900K, committed 54912K, reserved 1097728K
  class space    used 6831K, capacity 7046K, committed 7296K, reserved 1048576K
Event: 2363.623 GC heap after
Heap after GC invocations=25 (full 4):
 PSYoungGen      total 235008K, used 26602K [0x00000000eab00000, 0x00000000ff400000, 0x0000000100000000)
  eden space 208384K, 0% used [0x00000000eab00000,0x00000000eab00000,0x00000000f7680000)
  from space 26624K, 99% used [0x00000000f7680000,0x00000000f907abf8,0x00000000f9080000)
  to   space 45056K, 0% used [0x00000000fc800000,0x00000000fc800000,0x00000000ff400000)
 ParOldGen       total 150016K, used 119751K [0x00000000c0000000, 0x00000000c9280000, 0x00000000eab00000)
  object space 150016K, 79% used [0x00000000c0000000,0x00000000c74f1c80,0x00000000c9280000)
 Metaspace       used 52753K, capacity 53900K, committed 54912K, reserved 1097728K
  class space    used 6831K, capacity 7046K, committed 7296K, reserved 1048576K
}
Event: 2364.306 GC heap before
{Heap before GC invocations=26 (full 4):
 PSYoungGen      total 235008K, used 234986K [0x00000000eab00000, 0x00000000ff400000, 0x0000000100000000)
  eden space 208384K, 100% used [0x00000000eab00000,0x00000000f7680000,0x00000000f7680000)
  from space 26624K, 99% used [0x00000000f7680000,0x00000000f907abf8,0x00000000f9080000)
  to   space 45056K, 0% used [0x00000000fc800000,0x00000000fc800000,0x00000000ff400000)
 ParOldGen       total 150016K, used 119751K [0x00000000c0000000, 0x00000000c9280000, 0x00000000eab00000)
  object space 150016K, 79% used [0x00000000c0000000,0x00000000c74f1c80,0x00000000c9280000)
 Metaspace       used 52980K, capacity 54124K, committed 55168K, reserved 1097728K
  class space    used 6861K, capacity 7078K, committed 7296K, reserved 1048576K
Event: 2364.395 GC heap after
Heap after GC invocations=26 (full 4):
 PSYoungGen      total 285696K, used 39648K [0x00000000eab00000, 0x0000000100000000, 0x0000000100000000)
  eden space 240640K, 0% used [0x00000000eab00000,0x00000000eab00000,0x00000000f9600000)
  from space 45056K, 87% used [0x00000000fc800000,0x00000000feeb8000,0x00000000ff400000)
  to   space 51200K, 0% used [0x00000000f9600000,0x00000000f9600000,0x00000000fc800000)
 ParOldGen       total 150016K, used 144496K [0x00000000c0000000, 0x00000000c9280000, 0x00000000eab00000)
  object space 150016K, 96% used [0x00000000c0000000,0x00000000c8d1c1e0,0x00000000c9280000)
 Metaspace       used 52980K, capacity 54124K, committed 55168K, reserved 1097728K
  class space    used 6861K, capacity 7078K, committed 7296K, reserved 1048576K
}
Event: 2364.395 GC heap before
{Heap before GC invocations=27 (full 5):
 PSYoungGen      total 285696K, used 39648K [0x00000000eab00000, 0x0000000100000000, 0x0000000100000000)
  eden space 240640K, 0% used [0x00000000eab00000,0x00000000eab00000,0x00000000f9600000)
  from space 45056K, 87% used [0x00000000fc800000,0x00000000feeb8000,0x00000000ff400000)
  to   space 51200K, 0% used [0x00000000f9600000,0x00000000f9600000,0x00000000fc800000)
 ParOldGen       total 150016K, used 144496K [0x00000000c0000000, 0x00000000c9280000, 0x00000000eab00000)
  object space 150016K, 96% used [0x00000000c0000000,0x00000000c8d1c1e0,0x00000000c9280000)
 Metaspace       used 52980K, capacity 54124K, committed 55168K, reserved 1097728K
  class space    used 6861K, capacity 7078K, committed 7296K, reserved 1048576K
Event: 2364.735 GC heap after
Heap after GC invocations=27 (full 5):
 PSYoungGen      total 285696K, used 0K [0x00000000eab00000, 0x0000000100000000, 0x0000000100000000)
  eden space 240640K, 0% used [0x00000000eab00000,0x00000000eab00000,0x00000000f9600000)
  from space 45056K, 0% used [0x00000000fc800000,0x00000000fc800000,0x00000000ff400000)
  to   space 51200K, 0% used [0x00000000f9600000,0x00000000f9600000,0x00000000fc800000)
 ParOldGen       total 221696K, used 118134K [0x00000000c0000000, 0x00000000cd880000, 0x00000000eab00000)
  object space 221696K, 53% used [0x00000000c0000000,0x00000000c735da10,0x00000000cd880000)
 Metaspace       used 52980K, capacity 54124K, committed 55168K, reserved 1097728K
  class space    used 6861K, capacity 7078K, committed 7296K, reserved 1048576K
}
Event: 2366.293 GC heap before
{Heap before GC invocations=28 (full 5):
 PSYoungGen      total 285696K, used 240640K [0x00000000eab00000, 0x0000000100000000, 0x0000000100000000)
  eden space 240640K, 100% used [0x00000000eab00000,0x00000000f9600000,0x00000000f9600000)
  from space 45056K, 0% used [0x00000000fc800000,0x00000000fc800000,0x00000000ff400000)
  to   space 51200K, 0% used [0x00000000f9600000,0x00000000f9600000,0x00000000fc800000)
 ParOldGen       total 221696K, used 118134K [0x00000000c0000000, 0x00000000cd880000, 0x00000000eab00000)
  object space 221696K, 53% used [0x00000000c0000000,0x00000000c735da10,0x00000000cd880000)
 Metaspace       used 53213K, capacity 54380K, committed 55424K, reserved 1097728K
  class space    used 6883K, capacity 7078K, committed 7296K, reserved 1048576K
Event: 2366.315 GC heap after
Heap after GC invocations=28 (full 5):
 PSYoungGen      total 291840K, used 12736K [0x00000000eab00000, 0x0000000100000000, 0x0000000100000000)
  eden space 240640K, 0% used [0x00000000eab00000,0x00000000eab00000,0x00000000f9600000)
  from space 51200K, 24% used [0x00000000f9600000,0x00000000fa270000,0x00000000fc800000)
  to   space 48640K, 0% used [0x00000000fd080000,0x00000000fd080000,0x0000000100000000)
 ParOldGen       total 221696K, used 118142K [0x00000000c0000000, 0x00000000cd880000, 0x00000000eab00000)
  object space 221696K, 53% used [0x00000000c0000000,0x00000000c735fa10,0x00000000cd880000)
 Metaspace       used 53213K, capacity 54380K, committed 55424K, reserved 1097728K
  class space    used 6883K, capacity 7078K, committed 7296K, reserved 1048576K
}

