# JRE version: Java(TM) SE Runtime Environment (8.0_65-b17) (build 1.8.0_65-b17)
# Java VM: Java HotSpot(TM) 64-Bit Server VM (25.65-b01 mixed mode windows-amd64 compressed oops)
Heap:
 PSYoungGen      total 53248K, used 8371K [0x00000000eab00000, 0x00000000f0b00000, 0x0000000100000000)
  eden space 49152K, 12% used [0x00000000eab00000,0x00000000eb11fa00,0x00000000edb00000)
  from space 4096K, 51% used [0x00000000edb00000,0x00000000edd0d5f8,0x00000000edf00000)
  to   space 11264K, 0% used [0x00000000f0000000,0x00000000f0000000,0x00000000f0b00000)
 ParOldGen       total 55808K, used 13304K [0x00000000c0000000, 0x00000000c3680000, 0x00000000eab00000)
  object space 55808K, 23% used [0x00000000c0000000,0x00000000c0cfe278,0x00000000c3680000)
 Metaspace       used 22182K, capacity 22652K, committed 22784K, reserved 1069056K
  class space    used 2862K, capacity 3021K, committed 3072K, reserved 1048576K
GC Heap History (10 events):
Event: 1.253 GC heap before
{Heap before GC invocations=2 (full 0):
 PSYoungGen      total 28672K, used 27840K [0x00000000eab00000, 0x00000000ee300000, 0x0000000100000000)
  eden space 24576K, 100% used [0x00000000eab00000,0x00000000ec300000,0x00000000ec300000)
  from space 4096K, 79% used [0x00000000ec300000,0x00000000ec630220,0x00000000ec700000)
  to   space 4096K, 0% used [0x00000000edf00000,0x00000000edf00000,0x00000000ee300000)
 ParOldGen       total 65536K, used 8K [0x00000000c0000000, 0x00000000c4000000, 0x00000000eab00000)
  object space 65536K, 0% used [0x00000000c0000000,0x00000000c0002000,0x00000000c4000000)
 Metaspace       used 10805K, capacity 11128K, committed 11392K, reserved 1058816K
  class space    used 1425K, capacity 1556K, committed 1664K, reserved 1048576K
Event: 1.263 GC heap after
Heap after GC invocations=2 (full 0):
 PSYoungGen      total 53248K, used 4090K [0x00000000eab00000, 0x00000000ee300000, 0x0000000100000000)
  eden space 49152K, 0% used [0x00000000eab00000,0x00000000eab00000,0x00000000edb00000)
  from space 4096K, 99% used [0x00000000edf00000,0x00000000ee2fea70,0x00000000ee300000)
  to   space 4096K, 0% used [0x00000000edb00000,0x00000000edb00000,0x00000000edf00000)
 ParOldGen       total 65536K, used 828K [0x00000000c0000000, 0x00000000c4000000, 0x00000000eab00000)
  object space 65536K, 1% used [0x00000000c0000000,0x00000000c00cf3f8,0x00000000c4000000)
 Metaspace       used 10805K, capacity 11128K, committed 11392K, reserved 1058816K
  class space    used 1425K, capacity 1556K, committed 1664K, reserved 1048576K
}
Event: 2.660 GC heap before
{Heap before GC invocations=3 (full 0):
 PSYoungGen      total 53248K, used 53242K [0x00000000eab00000, 0x00000000ee300000, 0x0000000100000000)
  eden space 49152K, 100% used [0x00000000eab00000,0x00000000edb00000,0x00000000edb00000)
  from space 4096K, 99% used [0x00000000edf00000,0x00000000ee2fea70,0x00000000ee300000)
  to   space 4096K, 0% used [0x00000000edb00000,0x00000000edb00000,0x00000000edf00000)
 ParOldGen       total 65536K, used 828K [0x00000000c0000000, 0x00000000c4000000, 0x00000000eab00000)
  object space 65536K, 1% used [0x00000000c0000000,0x00000000c00cf3f8,0x00000000c4000000)
 Metaspace       used 18724K, capacity 19118K, committed 19456K, reserved 1067008K
  class space    used 2583K, capacity 2721K, committed 2816K, reserved 1048576K
Event: 2.705 GC heap after
Heap after GC invocations=3 (full 0):
 PSYoungGen      total 53248K, used 4064K [0x00000000eab00000, 0x00000000ee300000, 0x0000000100000000)
  eden space 49152K, 0% used [0x00000000eab00000,0x00000000eab00000,0x00000000edb00000)
  from space 4096K, 99% used [0x00000000edb00000,0x00000000edef8060,0x00000000edf00000)
  to   space 4096K, 0% used [0x00000000edf00000,0x00000000edf00000,0x00000000ee300000)
 ParOldGen       total 65536K, used 7770K [0x00000000c0000000, 0x00000000c4000000, 0x00000000eab00000)
  object space 65536K, 11% used [0x00000000c0000000,0x00000000c0796808,0x00000000c4000000)
 Metaspace       used 18724K, capacity 19118K, committed 19456K, reserved 1067008K
  class space    used 2583K, capacity 2721K, committed 2816K, reserved 1048576K
}
Event: 3.157 GC heap before
{Heap before GC invocations=4 (full 0):
 PSYoungGen      total 53248K, used 26425K [0x00000000eab00000, 0x00000000ee300000, 0x0000000100000000)
  eden space 49152K, 45% used [0x00000000eab00000,0x00000000ec0d6440,0x00000000edb00000)
  from space 4096K, 99% used [0x00000000edb00000,0x00000000edef8060,0x00000000edf00000)
  to   space 4096K, 0% used [0x00000000edf00000,0x00000000edf00000,0x00000000ee300000)
 ParOldGen       total 65536K, used 7770K [0x00000000c0000000, 0x00000000c4000000, 0x00000000eab00000)
  object space 65536K, 11% used [0x00000000c0000000,0x00000000c0796808,0x00000000c4000000)
 Metaspace       used 20783K, capacity 21178K, committed 21296K, reserved 1067008K
  class space    used 2784K, capacity 2915K, committed 2944K, reserved 1048576K
Event: 3.172 GC heap after
Heap after GC invocations=4 (full 0):
 PSYoungGen      total 53248K, used 4088K [0x00000000eab00000, 0x00000000ee300000, 0x0000000100000000)
  eden space 49152K, 0% used [0x00000000eab00000,0x00000000eab00000,0x00000000edb00000)
  from space 4096K, 99% used [0x00000000edf00000,0x00000000ee2fe0f0,0x00000000ee300000)
  to   space 4096K, 0% used [0x00000000edb00000,0x00000000edb00000,0x00000000edf00000)
 ParOldGen       total 65536K, used 10449K [0x00000000c0000000, 0x00000000c4000000, 0x00000000eab00000)
  object space 65536K, 15% used [0x00000000c0000000,0x00000000c0a346e8,0x00000000c4000000)
 Metaspace       used 20783K, capacity 21178K, committed 21296K, reserved 1067008K
  class space    used 2784K, capacity 2915K, committed 2944K, reserved 1048576K
}
Event: 3.172 GC heap before
{Heap before GC invocations=5 (full 1):
 PSYoungGen      total 53248K, used 4088K [0x00000000eab00000, 0x00000000ee300000, 0x0000000100000000)
  eden space 49152K, 0% used [0x00000000eab00000,0x00000000eab00000,0x00000000edb00000)
  from space 4096K, 99% used [0x00000000edf00000,0x00000000ee2fe0f0,0x00000000ee300000)
  to   space 4096K, 0% used [0x00000000edb00000,0x00000000edb00000,0x00000000edf00000)
 ParOldGen       total 65536K, used 10449K [0x00000000c0000000, 0x00000000c4000000, 0x00000000eab00000)
  object space 65536K, 15% used [0x00000000c0000000,0x00000000c0a346e8,0x00000000c4000000)
 Metaspace       used 20783K, capacity 21178K, committed 21296K, reserved 1067008K
  class space    used 2784K, capacity 2915K, committed 2944K, reserved 1048576K
Event: 3.226 GC heap after
Heap after GC invocations=5 (full 1):
 PSYoungGen      total 53248K, used 0K [0x00000000eab00000, 0x00000000ee300000, 0x0000000100000000)
  eden space 49152K, 0% used [0x00000000eab00000,0x00000000eab00000,0x00000000edb00000)
  from space 4096K, 0% used [0x00000000edf00000,0x00000000edf00000,0x00000000ee300000)
  to   space 4096K, 0% used [0x00000000edb00000,0x00000000edb00000,0x00000000edf00000)
 ParOldGen       total 55808K, used 13296K [0x00000000c0000000, 0x00000000c3680000, 0x00000000eab00000)
  object space 55808K, 23% used [0x00000000c0000000,0x00000000c0cfc278,0x00000000c3680000)
 Metaspace       used 20783K, capacity 21178K, committed 21296K, reserved 1067008K
  class space    used 2784K, capacity 2915K, committed 2944K, reserved 1048576K
}
Event: 3.571 GC heap before
{Heap before GC invocations=6 (full 1):
 PSYoungGen      total 53248K, used 49152K [0x00000000eab00000, 0x00000000ee300000, 0x0000000100000000)
  eden space 49152K, 100% used [0x00000000eab00000,0x00000000edb00000,0x00000000edb00000)
  from space 4096K, 0% used [0x00000000edf00000,0x00000000edf00000,0x00000000ee300000)
  to   space 4096K, 0% used [0x00000000edb00000,0x00000000edb00000,0x00000000edf00000)
 ParOldGen       total 55808K, used 13296K [0x00000000c0000000, 0x00000000c3680000, 0x00000000eab00000)
  object space 55808K, 23% used [0x00000000c0000000,0x00000000c0cfc278,0x00000000c3680000)
 Metaspace       used 22162K, capacity 22588K, committed 22784K, reserved 1069056K
  class space    used 2862K, capacity 3021K, committed 3072K, reserved 1048576K
Event: 3.577 GC heap after
Heap after GC invocations=6 (full 1):
 PSYoungGen      total 53248K, used 2101K [0x00000000eab00000, 0x00000000f0b00000, 0x0000000100000000)
  eden space 49152K, 0% used [0x00000000eab00000,0x00000000eab00000,0x00000000edb00000)
  from space 4096K, 51% used [0x00000000edb00000,0x00000000edd0d5f8,0x00000000edf00000)
  to   space 11264K, 0% used [0x00000000f0000000,0x00000000f0000000,0x00000000f0b00000)
 ParOldGen       total 55808K, used 13304K [0x00000000c0000000, 0x00000000c3680000, 0x00000000eab00000)
  object space 55808K, 23% used [0x00000000c0000000,0x00000000c0cfe278,0x00000000c3680000)
 Metaspace       used 22162K, capacity 22588K, committed 22784K, reserved 1069056K
  class space    used 2862K, capacity 3021K, committed 3072K, reserved 1048576K
}

