# JRE version: Java(TM) SE Runtime Environment (8.0_65-b17) (build 1.8.0_65-b17)
# Java VM: Java HotSpot(TM) 64-Bit Server VM (25.65-b01 mixed mode windows-amd64 compressed oops)
Heap:
 PSYoungGen      total 261632K, used 47368K [0x00000000eab00000, 0x00000000ff980000, 0x0000000100000000)
  eden space 182784K, 19% used [0x00000000eab00000,0x00000000ecdd19e0,0x00000000f5d80000)
  from space 78848K, 14% used [0x00000000f5d80000,0x00000000f68f0818,0x00000000faa80000)
  to   space 74752K, 0% used [0x00000000fb080000,0x00000000fb080000,0x00000000ff980000)
 ParOldGen       total 250368K, used 40339K [0x00000000c0000000, 0x00000000cf480000, 0x00000000eab00000)
  object space 250368K, 16% used [0x00000000c0000000,0x00000000c2764c18,0x00000000cf480000)
 Metaspace       used 58994K, capacity 62148K, committed 62592K, reserved 1103872K
  class space    used 7619K, capacity 8032K, committed 8320K, reserved 1048576K
GC Heap History (10 events):
Event: 15293.355 GC heap before
{Heap before GC invocations=112 (full 20):
 PSYoungGen      total 265728K, used 265712K [0x00000000eab00000, 0x0000000100000000, 0x0000000100000000)
  eden space 195072K, 100% used [0x00000000eab00000,0x00000000f6980000,0x00000000f6980000)
  from space 70656K, 99% used [0x00000000f6980000,0x00000000fae7c398,0x00000000fae80000)
  to   space 83456K, 0% used [0x00000000fae80000,0x00000000fae80000,0x0000000100000000)
 ParOldGen       total 250368K, used 103226K [0x00000000c0000000, 0x00000000cf480000, 0x00000000eab00000)
  object space 250368K, 41% used [0x00000000c0000000,0x00000000c64ceba0,0x00000000cf480000)
 Metaspace       used 58849K, capacity 62004K, committed 62592K, reserved 1103872K
  class space    used 7609K, capacity 8011K, committed 8320K, reserved 1048576K
Event: 15293.428 GC heap after
Heap after GC invocations=112 (full 20):
 PSYoungGen      total 266240K, used 22912K [0x00000000eab00000, 0x0000000100000000, 0x0000000100000000)
  eden space 182784K, 0% used [0x00000000eab00000,0x00000000eab00000,0x00000000f5d80000)
  from space 83456K, 27% used [0x00000000fae80000,0x00000000fc4e0000,0x0000000100000000)
  to   space 82944K, 0% used [0x00000000f5d80000,0x00000000f5d80000,0x00000000fae80000)
 ParOldGen       total 250368K, used 160928K [0x00000000c0000000, 0x00000000cf480000, 0x00000000eab00000)
  object space 250368K, 64% used [0x00000000c0000000,0x00000000c9d28050,0x00000000cf480000)
 Metaspace       used 58849K, capacity 62004K, committed 62592K, reserved 1103872K
  class space    used 7609K, capacity 8011K, committed 8320K, reserved 1048576K
}
Event: 15294.076 GC heap before
{Heap before GC invocations=113 (full 20):
 PSYoungGen      total 266240K, used 205696K [0x00000000eab00000, 0x0000000100000000, 0x0000000100000000)
  eden space 182784K, 100% used [0x00000000eab00000,0x00000000f5d80000,0x00000000f5d80000)
  from space 83456K, 27% used [0x00000000fae80000,0x00000000fc4e0000,0x0000000100000000)
  to   space 82944K, 0% used [0x00000000f5d80000,0x00000000f5d80000,0x00000000fae80000)
 ParOldGen       total 250368K, used 160928K [0x00000000c0000000, 0x00000000cf480000, 0x00000000eab00000)
  object space 250368K, 64% used [0x00000000c0000000,0x00000000c9d28050,0x00000000cf480000)
 Metaspace       used 58852K, capacity 62004K, committed 62592K, reserved 1103872K
  class space    used 7609K, capacity 8011K, committed 8320K, reserved 1048576K
Event: 15294.114 GC heap after
Heap after GC invocations=113 (full 20):
 PSYoungGen      total 192512K, used 9600K [0x00000000eab00000, 0x00000000ffa80000, 0x0000000100000000)
  eden space 182784K, 0% used [0x00000000eab00000,0x00000000eab00000,0x00000000f5d80000)
  from space 9728K, 98% used [0x00000000f5d80000,0x00000000f66e0000,0x00000000f6700000)
  to   space 80384K, 0% used [0x00000000fac00000,0x00000000fac00000,0x00000000ffa80000)
 ParOldGen       total 250368K, used 183496K [0x00000000c0000000, 0x00000000cf480000, 0x00000000eab00000)
  object space 250368K, 73% used [0x00000000c0000000,0x00000000cb332050,0x00000000cf480000)
 Metaspace       used 58852K, capacity 62004K, committed 62592K, reserved 1103872K
  class space    used 7609K, capacity 8011K, committed 8320K, reserved 1048576K
}
Event: 15314.907 GC heap before
{Heap before GC invocations=114 (full 20):
 PSYoungGen      total 192512K, used 120982K [0x00000000eab00000, 0x00000000ffa80000, 0x0000000100000000)
  eden space 182784K, 60% used [0x00000000eab00000,0x00000000f17c5930,0x00000000f5d80000)
  from space 9728K, 98% used [0x00000000f5d80000,0x00000000f66e0000,0x00000000f6700000)
  to   space 80384K, 0% used [0x00000000fac00000,0x00000000fac00000,0x00000000ffa80000)
 ParOldGen       total 250368K, used 183496K [0x00000000c0000000, 0x00000000cf480000, 0x00000000eab00000)
  object space 250368K, 73% used [0x00000000c0000000,0x00000000cb332050,0x00000000cf480000)
 Metaspace       used 58903K, capacity 62042K, committed 62592K, reserved 1103872K
  class space    used 7617K, capacity 8044K, committed 8320K, reserved 1048576K
Event: 15314.945 GC heap after
Heap after GC invocations=114 (full 20):
 PSYoungGen      total 260096K, used 672K [0x00000000eab00000, 0x00000000ff780000, 0x0000000100000000)
  eden space 182784K, 0% used [0x00000000eab00000,0x00000000eab00000,0x00000000f5d80000)
  from space 77312K, 0% used [0x00000000fac00000,0x00000000faca8000,0x00000000ff780000)
  to   space 78848K, 0% used [0x00000000f5d80000,0x00000000f5d80000,0x00000000faa80000)
 ParOldGen       total 250368K, used 189448K [0x00000000c0000000, 0x00000000cf480000, 0x00000000eab00000)
  object space 250368K, 75% used [0x00000000c0000000,0x00000000cb902050,0x00000000cf480000)
 Metaspace       used 58903K, capacity 62042K, committed 62592K, reserved 1103872K
  class space    used 7617K, capacity 8044K, committed 8320K, reserved 1048576K
}
Event: 15314.945 GC heap before
{Heap before GC invocations=115 (full 21):
 PSYoungGen      total 260096K, used 672K [0x00000000eab00000, 0x00000000ff780000, 0x0000000100000000)
  eden space 182784K, 0% used [0x00000000eab00000,0x00000000eab00000,0x00000000f5d80000)
  from space 77312K, 0% used [0x00000000fac00000,0x00000000faca8000,0x00000000ff780000)
  to   space 78848K, 0% used [0x00000000f5d80000,0x00000000f5d80000,0x00000000faa80000)
 ParOldGen       total 250368K, used 189448K [0x00000000c0000000, 0x00000000cf480000, 0x00000000eab00000)
  object space 250368K, 75% used [0x00000000c0000000,0x00000000cb902050,0x00000000cf480000)
 Metaspace       used 58903K, capacity 62042K, committed 62592K, reserved 1103872K
  class space    used 7617K, capacity 8044K, committed 8320K, reserved 1048576K
Event: 15315.180 GC heap after
Heap after GC invocations=115 (full 21):
 PSYoungGen      total 260096K, used 0K [0x00000000eab00000, 0x00000000ff780000, 0x0000000100000000)
  eden space 182784K, 0% used [0x00000000eab00000,0x00000000eab00000,0x00000000f5d80000)
  from space 77312K, 0% used [0x00000000fac00000,0x00000000fac00000,0x00000000ff780000)
  to   space 78848K, 0% used [0x00000000f5d80000,0x00000000f5d80000,0x00000000faa80000)
 ParOldGen       total 250368K, used 40331K [0x00000000c0000000, 0x00000000cf480000, 0x00000000eab00000)
  object space 250368K, 16% used [0x00000000c0000000,0x00000000c2762c18,0x00000000cf480000)
 Metaspace       used 58405K, capacity 61100K, committed 62592K, reserved 1103872K
  class space    used 7491K, capacity 7786K, committed 8320K, reserved 1048576K
}
Event: 15336.654 GC heap before
{Heap before GC invocations=116 (full 21):
 PSYoungGen      total 260096K, used 182784K [0x00000000eab00000, 0x00000000ff780000, 0x0000000100000000)
  eden space 182784K, 100% used [0x00000000eab00000,0x00000000f5d80000,0x00000000f5d80000)
  from space 77312K, 0% used [0x00000000fac00000,0x00000000fac00000,0x00000000ff780000)
  to   space 78848K, 0% used [0x00000000f5d80000,0x00000000f5d80000,0x00000000faa80000)
 ParOldGen       total 250368K, used 40331K [0x00000000c0000000, 0x00000000cf480000, 0x00000000eab00000)
  object space 250368K, 16% used [0x00000000c0000000,0x00000000c2762c18,0x00000000cf480000)
 Metaspace       used 58959K, capacity 62112K, committed 62592K, reserved 1103872K
  class space    used 7615K, capacity 8026K, committed 8320K, reserved 1048576K
Event: 15336.665 GC heap after
Heap after GC invocations=116 (full 21):
 PSYoungGen      total 261632K, used 11714K [0x00000000eab00000, 0x00000000ff980000, 0x0000000100000000)
  eden space 182784K, 0% used [0x00000000eab00000,0x00000000eab00000,0x00000000f5d80000)
  from space 78848K, 14% used [0x00000000f5d80000,0x00000000f68f0818,0x00000000faa80000)
  to   space 74752K, 0% used [0x00000000fb080000,0x00000000fb080000,0x00000000ff980000)
 ParOldGen       total 250368K, used 40339K [0x00000000c0000000, 0x00000000cf480000, 0x00000000eab00000)
  object space 250368K, 16% used [0x00000000c0000000,0x00000000c2764c18,0x00000000cf480000)
 Metaspace       used 58959K, capacity 62112K, committed 62592K, reserved 1103872K
  class space    used 7615K, capacity 8026K, committed 8320K, reserved 1048576K
}

